0 info it worked if it ends with ok
1 verbose cli [ '/Users/v768684/.nvm/versions/node/v4.4.0/bin/node',
1 verbose cli   '/Users/v768684/.nvm/versions/node/v4.4.0/bin/npm',
1 verbose cli   'install',
1 verbose cli   'https://github.com/karthikvdms/ng2-md-swagger.git' ]
2 info using npm@3.10.5
3 info using node@v4.4.0
4 silly loadCurrentTree Starting
5 silly install loadCurrentTree
6 silly install readLocalPackageData
7 silly fetchPackageMetaData https://github.com/karthikvdms/ng2-md-swagger.git
8 silly fetchOtherPackageData https://github.com/karthikvdms/ng2-md-swagger.git
9 silly cache add args [ 'https://github.com/karthikvdms/ng2-md-swagger.git', null ]
10 verbose cache add spec https://github.com/karthikvdms/ng2-md-swagger.git
11 silly cache add parsed spec Result {
11 silly cache add   raw: 'https://github.com/karthikvdms/ng2-md-swagger.git',
11 silly cache add   scope: null,
11 silly cache add   escapedName: null,
11 silly cache add   name: null,
11 silly cache add   rawSpec: 'https://github.com/karthikvdms/ng2-md-swagger.git',
11 silly cache add   spec: 'git+https://github.com/karthikvdms/ng2-md-swagger.git',
11 silly cache add   type: 'hosted',
11 silly cache add   hosted:
11 silly cache add    { type: 'github',
11 silly cache add      ssh: 'git@github.com:karthikvdms/ng2-md-swagger.git',
11 silly cache add      sshUrl: 'git+ssh://git@github.com/karthikvdms/ng2-md-swagger.git',
11 silly cache add      httpsUrl: 'git+https://github.com/karthikvdms/ng2-md-swagger.git',
11 silly cache add      gitUrl: 'git://github.com/karthikvdms/ng2-md-swagger.git',
11 silly cache add      shortcut: 'github:karthikvdms/ng2-md-swagger',
11 silly cache add      directUrl: 'https://raw.githubusercontent.com/karthikvdms/ng2-md-swagger/master/package.json' } }
12 verbose addRemoteGit caching https://github.com/karthikvdms/ng2-md-swagger.git
13 verbose addRemoteGit git+https://github.com/karthikvdms/ng2-md-swagger.git is a repository hosted by github
14 silly tryClone cloning git+https://github.com/karthikvdms/ng2-md-swagger.git via git+https://github.com/karthikvdms/ng2-md-swagger.git
15 verbose tryClone git-https-github-com-karthikvdms-ng2-md-swagger-git-4a4ec432 not in flight; caching
16 verbose correctMkdir /Users/v768684/.npm/_git-remotes correctMkdir not in flight; initializing
17 info git [ 'config', '--get', 'remote.origin.url' ]
18 silly validateExistingRemote git+https://github.com/karthikvdms/ng2-md-swagger.git remote.origin.url: https://github.com/karthikvdms/ng2-md-swagger.git
19 verbose validateExistingRemote git+https://github.com/karthikvdms/ng2-md-swagger.git is updating existing cached remote /Users/v768684/.npm/_git-remotes/git-https-github-com-karthikvdms-ng2-md-swagger-git-4a4ec432
20 info git [ 'fetch', '-a', 'origin' ]
21 verbose updateRemote git fetch -a origin (https://github.com/karthikvdms/ng2-md-swagger.git)
22 verbose correctMkdir /Users/v768684/.npm/_git-remotes correctMkdir not in flight; initializing
23 verbose setPermissions git+https://github.com/karthikvdms/ng2-md-swagger.git set permissions on /Users/v768684/.npm/_git-remotes/git-https-github-com-karthikvdms-ng2-md-swagger-git-4a4ec432
24 verbose resolveHead git+https://github.com/karthikvdms/ng2-md-swagger.git original treeish: master
25 info git [ 'rev-list', '-n1', 'master' ]
26 silly resolveHead git+https://github.com/karthikvdms/ng2-md-swagger.git resolved treeish: 0c881051ffbcfb4704f2db67bbb2e077f8d0600e
27 verbose resolveHead git+https://github.com/karthikvdms/ng2-md-swagger.git resolved Git URL: git+https://github.com/karthikvdms/ng2-md-swagger.git#0c881051ffbcfb4704f2db67bbb2e077f8d0600e
28 silly resolveHead Git working directory: /var/folders/79/0qngggy50sv5z5p3d37lp2d0x42ynx/T/npm-27184-6fb4715a/git-cache-9b02ee90/0c881051ffbcfb4704f2db67bbb2e077f8d0600e
29 info git [ 'clone',
29 info git   '/Users/v768684/.npm/_git-remotes/git-https-github-com-karthikvdms-ng2-md-swagger-git-4a4ec432',
29 info git   '/var/folders/79/0qngggy50sv5z5p3d37lp2d0x42ynx/T/npm-27184-6fb4715a/git-cache-9b02ee90/0c881051ffbcfb4704f2db67bbb2e077f8d0600e' ]
30 verbose cloneResolved git+https://github.com/karthikvdms/ng2-md-swagger.git clone Cloning into '/var/folders/79/0qngggy50sv5z5p3d37lp2d0x42ynx/T/npm-27184-6fb4715a/git-cache-9b02ee90/0c881051ffbcfb4704f2db67bbb2e077f8d0600e'...
30 verbose cloneResolved done.
31 info git [ 'checkout', '0c881051ffbcfb4704f2db67bbb2e077f8d0600e' ]
32 verbose checkoutTreeish git+https://github.com/karthikvdms/ng2-md-swagger.git checkout Note: checking out '0c881051ffbcfb4704f2db67bbb2e077f8d0600e'.
32 verbose checkoutTreeish
32 verbose checkoutTreeish You are in 'detached HEAD' state. You can look around, make experimental
32 verbose checkoutTreeish changes and commit them, and you can discard any commits you make in this
32 verbose checkoutTreeish state without impacting any branches by performing another checkout.
32 verbose checkoutTreeish
32 verbose checkoutTreeish If you want to create a new branch to retain commits you create, you may
32 verbose checkoutTreeish do so (now or later) by using -b with the checkout command again. Example:
32 verbose checkoutTreeish
32 verbose checkoutTreeish   git checkout -b <new-branch-name>
32 verbose checkoutTreeish
32 verbose checkoutTreeish HEAD is now at 0c88105... Web pack build
33 info git [ 'submodule', '-q', 'update', '--init', '--recursive' ]
34 verbose updateSubmodules git+https://github.com/karthikvdms/ng2-md-swagger.git submodule update
35 verbose addLocalDirectory /Users/v768684/.npm/ng2-md-swagger/1.0.0/package.tgz not in flight; packing
36 verbose correctMkdir /Users/v768684/.npm correctMkdir not in flight; initializing
37 verbose tar pack [ '/Users/v768684/.npm/ng2-md-swagger/1.0.0/package.tgz',
37 verbose tar pack   '/var/folders/79/0qngggy50sv5z5p3d37lp2d0x42ynx/T/npm-27184-6fb4715a/git-cache-9b02ee90/0c881051ffbcfb4704f2db67bbb2e077f8d0600e' ]
38 verbose tarball /Users/v768684/.npm/ng2-md-swagger/1.0.0/package.tgz
39 verbose folder /var/folders/79/0qngggy50sv5z5p3d37lp2d0x42ynx/T/npm-27184-6fb4715a/git-cache-9b02ee90/0c881051ffbcfb4704f2db67bbb2e077f8d0600e
40 verbose addLocalTarball adding from inside cache /Users/v768684/.npm/ng2-md-swagger/1.0.0/package.tgz
41 verbose correctMkdir /Users/v768684/.npm correctMkdir not in flight; initializing
42 verbose addRemoteGit data._from: git+https://github.com/karthikvdms/ng2-md-swagger.git
43 verbose addRemoteGit data._resolved: git+https://github.com/karthikvdms/ng2-md-swagger.git#0c881051ffbcfb4704f2db67bbb2e077f8d0600e
44 silly cache afterAdd ng2-md-swagger@1.0.0
45 verbose afterAdd /Users/v768684/.npm/ng2-md-swagger/1.0.0/package/package.json not in flight; writing
46 verbose correctMkdir /Users/v768684/.npm correctMkdir not in flight; initializing
47 verbose afterAdd /Users/v768684/.npm/ng2-md-swagger/1.0.0/package/package.json written
48 silly install normalizeTree
49 silly loadCurrentTree Finishing
50 silly loadIdealTree Starting
51 silly install loadIdealTree
52 silly cloneCurrentTree Starting
53 silly install cloneCurrentTreeToIdealTree
54 silly cloneCurrentTree Finishing
55 silly loadShrinkwrap Starting
56 silly install loadShrinkwrap
57 silly loadShrinkwrap Finishing
58 silly loadAllDepsIntoIdealTree Starting
59 silly install loadAllDepsIntoIdealTree
60 silly rollbackFailedOptional Starting
61 silly rollbackFailedOptional Finishing
62 silly runTopLevelLifecycles Starting
63 silly runTopLevelLifecycles Finishing
64 silly install printInstalled
65 verbose stack Error: Refusing to install ng2-md-swagger as a dependency of itself
65 verbose stack     at checkSelf (/Users/v768684/.nvm/versions/node/v4.4.0/lib/node_modules/npm/lib/install/validate-args.js:53:14)
65 verbose stack     at Array.<anonymous> (/Users/v768684/.nvm/versions/node/v4.4.0/lib/node_modules/npm/node_modules/slide/lib/bind-actor.js:15:8)
65 verbose stack     at LOOP (/Users/v768684/.nvm/versions/node/v4.4.0/lib/node_modules/npm/node_modules/slide/lib/chain.js:15:14)
65 verbose stack     at chain (/Users/v768684/.nvm/versions/node/v4.4.0/lib/node_modules/npm/node_modules/slide/lib/chain.js:20:5)
65 verbose stack     at /Users/v768684/.nvm/versions/node/v4.4.0/lib/node_modules/npm/lib/install/validate-args.js:16:5
65 verbose stack     at /Users/v768684/.nvm/versions/node/v4.4.0/lib/node_modules/npm/node_modules/slide/lib/async-map.js:52:35
65 verbose stack     at Array.forEach (native)
65 verbose stack     at /Users/v768684/.nvm/versions/node/v4.4.0/lib/node_modules/npm/node_modules/slide/lib/async-map.js:52:11
65 verbose stack     at Array.forEach (native)
65 verbose stack     at asyncMap (/Users/v768684/.nvm/versions/node/v4.4.0/lib/node_modules/npm/node_modules/slide/lib/async-map.js:51:8)
66 verbose cwd /Users/v768684/source/stash/ng2-md-swagger
67 error Darwin 14.5.0
68 error argv "/Users/v768684/.nvm/versions/node/v4.4.0/bin/node" "/Users/v768684/.nvm/versions/node/v4.4.0/bin/npm" "install" "https://github.com/karthikvdms/ng2-md-swagger.git"
69 error node v4.4.0
70 error npm  v3.10.5
71 error code ENOSELF
72 error Refusing to install ng2-md-swagger as a dependency of itself
73 error If you need help, you may report this error at:
73 error     <https://github.com/npm/npm/issues>
74 verbose exit [ 1, true ]
